0 info it worked if it ends with ok
1 verbose cli [ 'C:\\Program Files\\nodejs\\node.exe',
1 verbose cli   'C:\\Program Files\\nodejs\\node_modules\\npm\\bin\\npm-cli.js',
1 verbose cli   'install',
1 verbose cli   '--save',
1 verbose cli   'nodemailer' ]
2 info using npm@2.15.5
3 info using node@v4.4.6
4 verbose install initial load of C:\Users\lvillase\Documents\Node & Express\meadowlark\package.json
5 warn package.json meadowlark@1.0.0 No repository field.
6 verbose installManyTop reading scoped package data from C:\Users\lvillase\Documents\Node & Express\meadowlark\node_modules\body-parser\package.json
7 verbose installManyTop reading scoped package data from C:\Users\lvillase\Documents\Node & Express\meadowlark\node_modules\chai\package.json
8 verbose installManyTop reading scoped package data from C:\Users\lvillase\Documents\Node & Express\meadowlark\node_modules\cookie-parser\package.json
9 verbose installManyTop reading scoped package data from C:\Users\lvillase\Documents\Node & Express\meadowlark\node_modules\express\package.json
10 verbose installManyTop reading scoped package data from C:\Users\lvillase\Documents\Node & Express\meadowlark\node_modules\express-session\package.json
11 verbose installManyTop reading scoped package data from C:\Users\lvillase\Documents\Node & Express\meadowlark\node_modules\express3-handlebars\package.json
12 verbose installManyTop reading scoped package data from C:\Users\lvillase\Documents\Node & Express\meadowlark\node_modules\formidable\package.json
13 verbose installManyTop reading scoped package data from C:\Users\lvillase\Documents\Node & Express\meadowlark\node_modules\grunt\package.json
14 verbose installManyTop reading scoped package data from C:\Users\lvillase\Documents\Node & Express\meadowlark\node_modules\grunt-cafe-mocha\package.json
15 verbose installManyTop reading scoped package data from C:\Users\lvillase\Documents\Node & Express\meadowlark\node_modules\grunt-contrib-jshint\package.json
16 verbose installManyTop reading scoped package data from C:\Users\lvillase\Documents\Node & Express\meadowlark\node_modules\grunt-exec\package.json
17 verbose installManyTop reading scoped package data from C:\Users\lvillase\Documents\Node & Express\meadowlark\node_modules\imagemagick\package.json
18 verbose installManyTop reading scoped package data from C:\Users\lvillase\Documents\Node & Express\meadowlark\node_modules\jquery-file-upload-middleware\package.json
19 verbose installManyTop reading scoped package data from C:\Users\lvillase\Documents\Node & Express\meadowlark\node_modules\mocha\package.json
20 verbose installManyTop reading scoped package data from C:\Users\lvillase\Documents\Node & Express\meadowlark\node_modules\nodemailer\package.json
21 verbose installManyTop reading scoped package data from C:\Users\lvillase\Documents\Node & Express\meadowlark\node_modules\phantomjs\package.json
22 info package.json formidable@1.0.17 No license field.
23 info package.json grunt-cafe-mocha@0.1.13 No license field.
24 info package.json mocha@2.5.3 No README data
25 info package.json express3-handlebars@0.5.2 No license field.
26 info package.json imagemagick@0.1.3 No license field.
27 verbose readDependencies loading dependencies from C:\Users\lvillase\Documents\Node & Express\meadowlark\package.json
28 verbose install nodemailer is installed as 4.0.1
29 silly cache add args [ 'nodemailer', null ]
30 verbose cache add spec nodemailer
31 silly cache add parsed spec Result {
31 silly cache add   raw: 'nodemailer',
31 silly cache add   scope: null,
31 silly cache add   name: 'nodemailer',
31 silly cache add   rawSpec: '',
31 silly cache add   spec: 'latest',
31 silly cache add   type: 'tag' }
32 silly addNamed nodemailer@latest
33 verbose addNamed "latest" is being treated as a dist-tag for nodemailer
34 info addNameTag [ 'nodemailer', 'latest' ]
35 silly mapToRegistry name nodemailer
36 silly mapToRegistry using default registry
37 silly mapToRegistry registry https://registry.npmjs.org/
38 silly mapToRegistry data Result {
38 silly mapToRegistry   raw: 'nodemailer',
38 silly mapToRegistry   scope: null,
38 silly mapToRegistry   name: 'nodemailer',
38 silly mapToRegistry   rawSpec: '',
38 silly mapToRegistry   spec: 'latest',
38 silly mapToRegistry   type: 'tag' }
39 silly mapToRegistry uri https://registry.npmjs.org/nodemailer
40 verbose addNameTag registry:https://registry.npmjs.org/nodemailer not in flight; fetching
41 verbose request uri https://registry.npmjs.org/nodemailer
42 verbose request no auth needed
43 info attempt registry request try #1 at 14:27:51
44 verbose request id 173fc9ef51d0382d
45 verbose etag W/"59575b19-417c9"
46 verbose lastModified Sat, 01 Jul 2017 08:19:37 GMT
47 http request GET https://registry.npmjs.org/nodemailer
48 http 304 https://registry.npmjs.org/nodemailer
49 verbose headers { date: 'Fri, 07 Jul 2017 18:27:52 GMT',
49 verbose headers   via: '1.1 varnish',
49 verbose headers   'cache-control': 'max-age=300',
49 verbose headers   etag: 'W/"59575b19-417c9"',
49 verbose headers   age: '253',
49 verbose headers   connection: 'keep-alive',
49 verbose headers   'x-served-by': 'cache-cdg8724-CDG',
49 verbose headers   'x-cache': 'HIT',
49 verbose headers   'x-cache-hits': '1',
49 verbose headers   'x-timer': 'S1499452073.901696,VS0,VE1',
49 verbose headers   vary: 'Accept-Encoding' }
50 silly get cb [ 304,
50 silly get   { date: 'Fri, 07 Jul 2017 18:27:52 GMT',
50 silly get     via: '1.1 varnish',
50 silly get     'cache-control': 'max-age=300',
50 silly get     etag: 'W/"59575b19-417c9"',
50 silly get     age: '253',
50 silly get     connection: 'keep-alive',
50 silly get     'x-served-by': 'cache-cdg8724-CDG',
50 silly get     'x-cache': 'HIT',
50 silly get     'x-cache-hits': '1',
50 silly get     'x-timer': 'S1499452073.901696,VS0,VE1',
50 silly get     vary: 'Accept-Encoding' } ]
51 verbose etag https://registry.npmjs.org/nodemailer from cache
52 verbose get saving nodemailer to C:\Users\MesaAyudaMx\AppData\Roaming\npm-cache\registry.npmjs.org\nodemailer\.cache.json
53 verbose correctMkdir C:\Users\MesaAyudaMx\AppData\Roaming\npm-cache correctMkdir not in flight; initializing
54 silly addNameTag next cb for nodemailer with tag latest
55 silly addNamed nodemailer@4.0.1
56 verbose addNamed "4.0.1" is a plain semver version for nodemailer
57 silly cache afterAdd nodemailer@4.0.1
58 verbose afterAdd C:\Users\MesaAyudaMx\AppData\Roaming\npm-cache\nodemailer\4.0.1\package\package.json not in flight; writing
59 verbose correctMkdir C:\Users\MesaAyudaMx\AppData\Roaming\npm-cache correctMkdir not in flight; initializing
60 verbose afterAdd C:\Users\MesaAyudaMx\AppData\Roaming\npm-cache\nodemailer\4.0.1\package\package.json written
61 silly install resolved [ { name: 'nodemailer',
61 silly install resolved     version: '4.0.1',
61 silly install resolved     description: 'Easy as cake e-mail sending from your Node.js applications',
61 silly install resolved     main: 'lib/nodemailer.js',
61 silly install resolved     scripts: { test: 'grunt' },
61 silly install resolved     repository:
61 silly install resolved      { type: 'git',
61 silly install resolved        url: 'git+https://github.com/nodemailer/nodemailer.git' },
61 silly install resolved     keywords: [ 'Nodemailer' ],
61 silly install resolved     author: { name: 'Andris Reinman' },
61 silly install resolved     license: 'MIT',
61 silly install resolved     bugs: { url: 'https://github.com/nodemailer/nodemailer/issues' },
61 silly install resolved     homepage: 'https://nodemailer.com/',
61 silly install resolved     devDependencies:
61 silly install resolved      { bunyan: '^1.8.10',
61 silly install resolved        chai: '^3.5.0',
61 silly install resolved        'eslint-config-nodemailer': '^1.0.0',
61 silly install resolved        grunt: '^1.0.1',
61 silly install resolved        'grunt-cli': '^1.2.0',
61 silly install resolved        'grunt-eslint': '^19.0.0',
61 silly install resolved        'grunt-mocha-test': '^0.13.2',
61 silly install resolved        libbase64: '^0.1.0',
61 silly install resolved        libmime: '^3.1.0',
61 silly install resolved        libqp: '^1.1.0',
61 silly install resolved        mocha: '^3.2.0',
61 silly install resolved        proxy: '^0.2.4',
61 silly install resolved        'proxy-test-server': '^1.0.0',
61 silly install resolved        sinon: '^2.1.0',
61 silly install resolved        'smtp-server': '^3.0.1' },
61 silly install resolved     engines: { node: '>=6.0.0' },
61 silly install resolved     gitHead: '8b5990c5af6b3a60fe3cef4c0492e62d68f4b9ea',
61 silly install resolved     _id: 'nodemailer@4.0.1',
61 silly install resolved     _shasum: 'b95864b07facee8287e8232effd6f1d56ec75ab2',
61 silly install resolved     _from: 'nodemailer@latest',
61 silly install resolved     _npmVersion: '3.10.10',
61 silly install resolved     _nodeVersion: '6.10.0',
61 silly install resolved     _npmUser: { name: 'andris', email: 'andris@kreata.ee' },
61 silly install resolved     dist:
61 silly install resolved      { shasum: 'b95864b07facee8287e8232effd6f1d56ec75ab2',
61 silly install resolved        tarball: 'https://registry.npmjs.org/nodemailer/-/nodemailer-4.0.1.tgz' },
61 silly install resolved     maintainers: [ [Object] ],
61 silly install resolved     _npmOperationalInternal:
61 silly install resolved      { host: 'packages-18-east.internal.npmjs.com',
61 silly install resolved        tmp: 'tmp/nodemailer-4.0.1.tgz_1492078705942_0.3458673018030822' },
61 silly install resolved     directories: {},
61 silly install resolved     _resolved: 'https://registry.npmjs.org/nodemailer/-/nodemailer-4.0.1.tgz',
61 silly install resolved     readme: 'ERROR: No README data found!' } ]
62 info install nodemailer@4.0.1 into C:\Users\lvillase\Documents\Node & Express\meadowlark
63 info installOne nodemailer@4.0.1
64 verbose installOne of nodemailer to C:\Users\lvillase\Documents\Node & Express\meadowlark not in flight; installing
65 verbose correctMkdir C:\Users\MesaAyudaMx\AppData\Roaming\npm-cache\_locks correctMkdir not in flight; initializing
66 verbose lock using C:\Users\MesaAyudaMx\AppData\Roaming\npm-cache\_locks\nodemailer-6658cdb1ef62148d.lock for C:\Users\lvillase\Documents\Node & Express\meadowlark\node_modules\nodemailer
67 warn engine nodemailer@4.0.1: wanted: {"node":">=6.0.0"} (current: {"node":"4.4.6","npm":"2.15.5"})
68 silly install write writing nodemailer 4.0.1 to C:\Users\lvillase\Documents\Node & Express\meadowlark\node_modules\nodemailer
69 verbose unbuild node_modules\nodemailer
70 info preuninstall nodemailer@4.0.1
71 info uninstall nodemailer@4.0.1
72 verbose unbuild rmStuff nodemailer@4.0.1 from C:\Users\lvillase\Documents\Node & Express\meadowlark\node_modules
73 info postuninstall nodemailer@4.0.1
74 silly gentlyRm C:\Users\lvillase\Documents\Node & Express\meadowlark\node_modules\nodemailer is being purged from base C:\Users\lvillase\Documents\Node & Express\meadowlark
75 verbose gentlyRm don't care about contents; nuking C:\Users\lvillase\Documents\Node & Express\meadowlark\node_modules\nodemailer
76 silly vacuum-fs purging C:\Users\lvillase\Documents\Node & Express\meadowlark\node_modules\nodemailer
77 silly vacuum-fs quitting because other entries in C:\Users\lvillase\Documents\Node & Express\meadowlark\node_modules
78 verbose tar unpack C:\Users\MesaAyudaMx\AppData\Roaming\npm-cache\nodemailer\4.0.1\package.tgz
79 verbose tar unpacking to C:\Users\lvillase\Documents\Node & Express\meadowlark\node_modules\nodemailer
80 silly gentlyRm C:\Users\lvillase\Documents\Node & Express\meadowlark\node_modules\nodemailer is being purged
81 verbose gentlyRm don't care about contents; nuking C:\Users\lvillase\Documents\Node & Express\meadowlark\node_modules\nodemailer
82 silly gunzTarPerm modes [ '777', '666' ]
83 silly gunzTarPerm extractEntry package.json
84 silly gunzTarPerm modified mode [ 'package.json', 420, 438 ]
85 silly gunzTarPerm extractEntry .npmignore
86 silly gunzTarPerm modified mode [ '.npmignore', 420, 438 ]
87 silly gunzTarPerm extractEntry README.md
88 silly gunzTarPerm modified mode [ 'README.md', 420, 438 ]
89 silly gunzTarPerm extractEntry LICENSE
90 silly gunzTarPerm modified mode [ 'LICENSE', 420, 438 ]
91 silly gunzTarPerm extractEntry CHANGELOG.md
92 silly gunzTarPerm modified mode [ 'CHANGELOG.md', 420, 438 ]
93 silly gunzTarPerm extractEntry lib/nodemailer.js
94 silly gunzTarPerm modified mode [ 'lib/nodemailer.js', 420, 438 ]
95 silly gunzTarPerm extractEntry lib/qp/index.js
96 silly gunzTarPerm modified mode [ 'lib/qp/index.js', 420, 438 ]
97 silly gunzTarPerm extractEntry lib/dkim/index.js
98 silly gunzTarPerm modified mode [ 'lib/dkim/index.js', 420, 438 ]
99 silly gunzTarPerm extractEntry lib/dkim/message-parser.js
100 silly gunzTarPerm modified mode [ 'lib/dkim/message-parser.js', 420, 438 ]
101 silly gunzTarPerm extractEntry lib/dkim/relaxed-body.js
102 silly gunzTarPerm modified mode [ 'lib/dkim/relaxed-body.js', 420, 438 ]
103 silly gunzTarPerm extractEntry lib/dkim/sign.js
104 silly gunzTarPerm modified mode [ 'lib/dkim/sign.js', 420, 438 ]
105 silly gunzTarPerm extractEntry lib/fetch/cookies.js
106 silly gunzTarPerm modified mode [ 'lib/fetch/cookies.js', 420, 438 ]
107 silly gunzTarPerm extractEntry lib/fetch/index.js
108 silly gunzTarPerm modified mode [ 'lib/fetch/index.js', 420, 438 ]
109 silly gunzTarPerm extractEntry lib/json-transport/index.js
110 silly gunzTarPerm modified mode [ 'lib/json-transport/index.js', 420, 438 ]
111 silly gunzTarPerm extractEntry lib/mail-composer/index.js
112 silly gunzTarPerm modified mode [ 'lib/mail-composer/index.js', 420, 438 ]
113 silly gunzTarPerm extractEntry lib/mailer/index.js
114 silly gunzTarPerm modified mode [ 'lib/mailer/index.js', 420, 438 ]
115 silly gunzTarPerm extractEntry lib/mailer/mail-message.js
116 silly gunzTarPerm modified mode [ 'lib/mailer/mail-message.js', 420, 438 ]
117 silly gunzTarPerm extractEntry lib/mime-funcs/index.js
118 silly gunzTarPerm modified mode [ 'lib/mime-funcs/index.js', 420, 438 ]
119 silly gunzTarPerm extractEntry lib/mime-funcs/mime-types.js
120 silly gunzTarPerm modified mode [ 'lib/mime-funcs/mime-types.js', 420, 438 ]
121 silly gunzTarPerm extractEntry lib/mime-node/index.js
122 silly gunzTarPerm modified mode [ 'lib/mime-node/index.js', 420, 438 ]
123 silly gunzTarPerm extractEntry lib/mime-node/last-newline.js
124 silly gunzTarPerm modified mode [ 'lib/mime-node/last-newline.js', 420, 438 ]
125 silly gunzTarPerm extractEntry lib/addressparser/index.js
126 silly gunzTarPerm modified mode [ 'lib/addressparser/index.js', 420, 438 ]
127 silly gunzTarPerm extractEntry lib/base64/index.js
128 silly gunzTarPerm modified mode [ 'lib/base64/index.js', 420, 438 ]
129 silly gunzTarPerm extractEntry lib/sendmail-transport/index.js
130 silly gunzTarPerm modified mode [ 'lib/sendmail-transport/index.js', 420, 438 ]
131 silly gunzTarPerm extractEntry lib/sendmail-transport/le-unix.js
132 silly gunzTarPerm modified mode [ 'lib/sendmail-transport/le-unix.js', 420, 438 ]
133 silly gunzTarPerm extractEntry lib/sendmail-transport/le-windows.js
134 silly gunzTarPerm modified mode [ 'lib/sendmail-transport/le-windows.js', 420, 438 ]
135 silly gunzTarPerm extractEntry lib/ses-transport/index.js
136 silly gunzTarPerm modified mode [ 'lib/ses-transport/index.js', 420, 438 ]
137 silly gunzTarPerm extractEntry lib/shared/index.js
138 silly gunzTarPerm modified mode [ 'lib/shared/index.js', 420, 438 ]
139 silly gunzTarPerm extractEntry lib/smtp-connection/data-stream.js
140 silly gunzTarPerm modified mode [ 'lib/smtp-connection/data-stream.js', 420, 438 ]
141 silly gunzTarPerm extractEntry lib/smtp-connection/http-proxy-client.js
142 silly gunzTarPerm modified mode [ 'lib/smtp-connection/http-proxy-client.js', 420, 438 ]
143 silly gunzTarPerm extractEntry lib/smtp-connection/index.js
144 silly gunzTarPerm modified mode [ 'lib/smtp-connection/index.js', 420, 438 ]
145 silly gunzTarPerm extractEntry lib/smtp-pool/index.js
146 silly gunzTarPerm modified mode [ 'lib/smtp-pool/index.js', 420, 438 ]
147 silly gunzTarPerm extractEntry lib/smtp-pool/pool-resource.js
148 silly gunzTarPerm modified mode [ 'lib/smtp-pool/pool-resource.js', 420, 438 ]
149 silly gunzTarPerm extractEntry lib/smtp-transport/index.js
150 silly gunzTarPerm modified mode [ 'lib/smtp-transport/index.js', 420, 438 ]
151 silly gunzTarPerm extractEntry lib/stream-transport/index.js
152 silly gunzTarPerm modified mode [ 'lib/stream-transport/index.js', 420, 438 ]
153 silly gunzTarPerm extractEntry lib/well-known/index.js
154 silly gunzTarPerm modified mode [ 'lib/well-known/index.js', 420, 438 ]
155 silly gunzTarPerm extractEntry lib/well-known/services.json
156 silly gunzTarPerm modified mode [ 'lib/well-known/services.json', 420, 438 ]
157 silly gunzTarPerm extractEntry lib/xoauth2/index.js
158 silly gunzTarPerm modified mode [ 'lib/xoauth2/index.js', 420, 438 ]
159 verbose write writing to C:\Users\lvillase\Documents\Node & Express\meadowlark\node_modules\nodemailer\package.json
160 info preinstall nodemailer@4.0.1
161 verbose readDependencies loading dependencies from C:\Users\lvillase\Documents\Node & Express\meadowlark\node_modules\nodemailer\package.json
162 verbose readDependencies loading dependencies from C:\Users\lvillase\Documents\Node & Express\meadowlark\node_modules\nodemailer\package.json
163 silly install resolved []
164 verbose about to build C:\Users\lvillase\Documents\Node & Express\meadowlark\node_modules\nodemailer
165 info build C:\Users\lvillase\Documents\Node & Express\meadowlark\node_modules\nodemailer
166 info linkStuff nodemailer@4.0.1
167 silly linkStuff nodemailer@4.0.1 has C:\Users\lvillase\Documents\Node & Express\meadowlark\node_modules as its parent node_modules
168 verbose linkBins nodemailer@4.0.1
169 verbose linkMans nodemailer@4.0.1
170 verbose rebuildBundles nodemailer@4.0.1
171 info install nodemailer@4.0.1
172 info postinstall nodemailer@4.0.1
173 verbose unlock done using C:\Users\MesaAyudaMx\AppData\Roaming\npm-cache\_locks\nodemailer-6658cdb1ef62148d.lock for C:\Users\lvillase\Documents\Node & Express\meadowlark\node_modules\nodemailer
174 verbose validateInstall loading C:\Users\lvillase\Documents\Node & Express\meadowlark\package.json for validation
175 verbose stack Error: The package grunt@1.0.1 does not satisfy its siblings' peerDependencies requirements!
175 verbose stack     at C:\Program Files\nodejs\node_modules\npm\lib\install.js:125:32
175 verbose stack     at C:\Program Files\nodejs\node_modules\npm\lib\install.js:268:7
175 verbose stack     at C:\Program Files\nodejs\node_modules\npm\node_modules\read-installed\read-installed.js:142:5
175 verbose stack     at C:\Program Files\nodejs\node_modules\npm\node_modules\read-installed\read-installed.js:263:14
175 verbose stack     at cb (C:\Program Files\nodejs\node_modules\npm\node_modules\slide\lib\async-map.js:47:24)
175 verbose stack     at C:\Program Files\nodejs\node_modules\npm\node_modules\read-installed\read-installed.js:263:14
175 verbose stack     at cb (C:\Program Files\nodejs\node_modules\npm\node_modules\slide\lib\async-map.js:47:24)
175 verbose stack     at C:\Program Files\nodejs\node_modules\npm\node_modules\read-installed\read-installed.js:263:14
175 verbose stack     at cb (C:\Program Files\nodejs\node_modules\npm\node_modules\slide\lib\async-map.js:47:24)
175 verbose stack     at C:\Program Files\nodejs\node_modules\npm\node_modules\read-installed\read-installed.js:263:14
176 verbose cwd C:\Users\lvillase\Documents\Node & Express\meadowlark
177 error Windows_NT 6.1.7601
178 error argv "C:\\Program Files\\nodejs\\node.exe" "C:\\Program Files\\nodejs\\node_modules\\npm\\bin\\npm-cli.js" "install" "--save" "nodemailer"
179 error node v4.4.6
180 error npm  v2.15.5
181 error code EPEERINVALID
182 error peerinvalid The package grunt@1.0.1 does not satisfy its siblings' peerDependencies requirements!
182 error peerinvalid Peer grunt-exec@1.0.0 wants grunt@>=0.4
182 error peerinvalid Peer grunt-cafe-mocha@0.1.13 wants grunt@~0.4.1
182 error peerinvalid Peer grunt-contrib-jshint@1.0.0 wants grunt@>=0.4.0
183 verbose exit [ 1, true ]
